


ARM Macro Assembler    Page 1 


    1 00000000         ; Copyright (c) 2013, Nordic Semiconductor ASA
    2 00000000         ; All rights reserved.
    3 00000000         ; 
    4 00000000         ; Redistribution and use in source and binary forms, wit
                       h or without
    5 00000000         ; modification, are permitted provided that the followin
                       g conditions are met:
    6 00000000         ; 
    7 00000000         ; * Redistributions of source code must retain the above
                        copyright notice, this
    8 00000000         ;   list of conditions and the following disclaimer.
    9 00000000         ; 
   10 00000000         ; * Redistributions in binary form must reproduce the ab
                       ove copyright notice,
   11 00000000         ;   this list of conditions and the following disclaimer
                        in the documentation
   12 00000000         ;   and/or other materials provided with the distributio
                       n.
   13 00000000         ; 
   14 00000000         ; * Neither the name of Nordic Semiconductor ASA nor the
                        names of its
   15 00000000         ;   contributors may be used to endorse or promote produ
                       cts derived from
   16 00000000         ;   this software without specific prior written permiss
                       ion.
   17 00000000         ; 
   18 00000000         ; THIS SOFTWARE IS PROVIDED BY THE COPYRIGHT HOLDERS AND
                        CONTRIBUTORS "AS IS"
   19 00000000         ; AND ANY EXPRESS OR IMPLIED WARRANTIES, INCLUDING, BUT 
                       NOT LIMITED TO, THE
   20 00000000         ; IMPLIED WARRANTIES OF MERCHANTABILITY AND FITNESS FOR 
                       A PARTICULAR PURPOSE ARE
   21 00000000         ; DISCLAIMED. IN NO EVENT SHALL THE COPYRIGHT HOLDER OR 
                       CONTRIBUTORS BE LIABLE
   22 00000000         ; FOR ANY DIRECT, INDIRECT, INCIDENTAL, SPECIAL, EXEMPLA
                       RY, OR CONSEQUENTIAL
   23 00000000         ; DAMAGES (INCLUDING, BUT NOT LIMITED TO, PROCUREMENT OF
                        SUBSTITUTE GOODS OR
   24 00000000         ; SERVICES; LOSS OF USE, DATA, OR PROFITS; OR BUSINESS I
                       NTERRUPTION) HOWEVER
   25 00000000         ; CAUSED AND ON ANY THEORY OF LIABILITY, WHETHER IN CONT
                       RACT, STRICT LIABILITY,
   26 00000000         ; OR TORT (INCLUDING NEGLIGENCE OR OTHERWISE) ARISING IN
                        ANY WAY OUT OF THE USE
   27 00000000         ; OF THIS SOFTWARE, EVEN IF ADVISED OF THE POSSIBILITY O
                       F SUCH DAMAGE.
   28 00000000         
   29 00000000         ; NOTE: Template files (including this one) are applicat
                       ion specific and therefore 
   30 00000000         ; expected to be copied into the application project fol
                       der prior to its use!
   31 00000000         
   32 00000000         ; Description message
   33 00000000         
   34 00000000 00000800 
                       Stack_Size
                               EQU              2048
   35 00000000                 AREA             STACK, NOINIT, READWRITE, ALIGN
=3



ARM Macro Assembler    Page 2 


   36 00000000         Stack_Mem
                               SPACE            Stack_Size
   37 00000800         __initial_sp
   38 00000800         
   39 00000800 00000800 
                       Heap_Size
                               EQU              2048
   40 00000800         
   41 00000800                 AREA             HEAP, NOINIT, READWRITE, ALIGN=
3
   42 00000000         __heap_base
   43 00000000         Heap_Mem
                               SPACE            Heap_Size
   44 00000800         __heap_limit
   45 00000800         
   46 00000800                 PRESERVE8
   47 00000800                 THUMB
   48 00000800         
   49 00000800         ; Vector Table Mapped to Address 0 at Reset
   50 00000800         
   51 00000800                 AREA             RESET, DATA, READONLY
   52 00000000                 EXPORT           __Vectors
   53 00000000                 EXPORT           __Vectors_End
   54 00000000                 EXPORT           __Vectors_Size
   55 00000000         
   56 00000000 00000000 
                       __Vectors
                               DCD              __initial_sp ; Top of Stack
   57 00000004 00000000        DCD              Reset_Handler ; Reset Handler
   58 00000008 00000000        DCD              NMI_Handler ; NMI Handler
   59 0000000C 00000000        DCD              HardFault_Handler ; Hard Fault 
                                                            Handler
   60 00000010 00000000        DCD              0           ; Reserved
   61 00000014 00000000        DCD              0           ; Reserved
   62 00000018 00000000        DCD              0           ; Reserved
   63 0000001C 00000000        DCD              0           ; Reserved
   64 00000020 00000000        DCD              0           ; Reserved
   65 00000024 00000000        DCD              0           ; Reserved
   66 00000028 00000000        DCD              0           ; Reserved
   67 0000002C 00000000        DCD              SVC_Handler ; SVCall Handler
   68 00000030 00000000        DCD              0           ; Reserved
   69 00000034 00000000        DCD              0           ; Reserved
   70 00000038 00000000        DCD              PendSV_Handler ; PendSV Handler
                                                            
   71 0000003C 00000000        DCD              SysTick_Handler 
                                                            ; SysTick Handler
   72 00000040         
   73 00000040         ; External Interrupts
   74 00000040 00000000        DCD              POWER_CLOCK_IRQHandler 
                                                            ;POWER_CLOCK
   75 00000044 00000000        DCD              RADIO_IRQHandler ;RADIO
   76 00000048 00000000        DCD              UART0_IRQHandler ;UART0
   77 0000004C 00000000        DCD              SPI0_TWI0_IRQHandler ;SPI0_TWI0
                                                            
   78 00000050 00000000        DCD              SPI1_TWI1_IRQHandler ;SPI1_TWI1
                                                            
   79 00000054 00000000        DCD              0           ;Reserved
   80 00000058 00000000        DCD              GPIOTE_IRQHandler ;GPIOTE
   81 0000005C 00000000        DCD              ADC_IRQHandler ;ADC



ARM Macro Assembler    Page 3 


   82 00000060 00000000        DCD              TIMER0_IRQHandler ;TIMER0
   83 00000064 00000000        DCD              TIMER1_IRQHandler ;TIMER1
   84 00000068 00000000        DCD              TIMER2_IRQHandler ;TIMER2
   85 0000006C 00000000        DCD              RTC0_IRQHandler ;RTC0
   86 00000070 00000000        DCD              TEMP_IRQHandler ;TEMP
   87 00000074 00000000        DCD              RNG_IRQHandler ;RNG
   88 00000078 00000000        DCD              ECB_IRQHandler ;ECB
   89 0000007C 00000000        DCD              CCM_AAR_IRQHandler ;CCM_AAR
   90 00000080 00000000        DCD              WDT_IRQHandler ;WDT
   91 00000084 00000000        DCD              RTC1_IRQHandler ;RTC1
   92 00000088 00000000        DCD              QDEC_IRQHandler ;QDEC
   93 0000008C 00000000        DCD              LPCOMP_IRQHandler ;LPCOMP
   94 00000090 00000000        DCD              SWI0_IRQHandler ;SWI0
   95 00000094 00000000        DCD              SWI1_IRQHandler ;SWI1
   96 00000098 00000000        DCD              SWI2_IRQHandler ;SWI2
   97 0000009C 00000000        DCD              SWI3_IRQHandler ;SWI3
   98 000000A0 00000000        DCD              SWI4_IRQHandler ;SWI4
   99 000000A4 00000000        DCD              SWI5_IRQHandler ;SWI5
  100 000000A8 00000000        DCD              0           ;Reserved
  101 000000AC 00000000        DCD              0           ;Reserved
  102 000000B0 00000000        DCD              0           ;Reserved
  103 000000B4 00000000        DCD              0           ;Reserved
  104 000000B8 00000000        DCD              0           ;Reserved
  105 000000BC 00000000        DCD              0           ;Reserved
  106 000000C0         
  107 000000C0         
  108 000000C0         __Vectors_End
  109 000000C0         
  110 000000C0 000000C0 
                       __Vectors_Size
                               EQU              __Vectors_End - __Vectors
  111 000000C0         
  112 000000C0                 AREA             |.text|, CODE, READONLY
  113 00000000         
  114 00000000         ; Reset Handler
  115 00000000         
  116 00000000 40000524 
                       NRF_POWER_RAMON_ADDRESS
                               EQU              0x40000524  ; NRF_POWER->RAMON 
                                                            address
  117 00000000 00000003 
                       NRF_POWER_RAMON_RAMxON_ONMODE_Msk
                               EQU              0x3         ; All RAM blocks on
                                                             in onmode bit mask
                                                            
  118 00000000         
  119 00000000         Reset_Handler
                               PROC
  120 00000000                 EXPORT           Reset_Handler             [WEAK
]
  121 00000000                 IMPORT           SystemInit
  122 00000000                 IMPORT           __main
  123 00000000 480A            LDR              R0, =NRF_POWER_RAMON_ADDRESS
  124 00000002 6802            LDR              R2, [R0]
  125 00000004 2103            MOVS             R1, #NRF_POWER_RAMON_RAMxON_ONM
ODE_Msk
  126 00000006 430A            ORRS             R2, R2, R1
  127 00000008 6002            STR              R2, [R0]
  128 0000000A 4809            LDR              R0, =SystemInit



ARM Macro Assembler    Page 4 


  129 0000000C 4780            BLX              R0
  130 0000000E 4809            LDR              R0, =__main
  131 00000010 4700            BX               R0
  132 00000012                 ENDP
  133 00000012         
  134 00000012         ; Dummy Exception Handlers (infinite loops which can be 
                       modified)
  135 00000012         
  136 00000012         NMI_Handler
                               PROC
  137 00000012                 EXPORT           NMI_Handler               [WEAK
]
  138 00000012 E7FE            B                .
  139 00000014                 ENDP
  141 00000014         HardFault_Handler
                               PROC
  142 00000014                 EXPORT           HardFault_Handler         [WEAK
]
  143 00000014 E7FE            B                .
  144 00000016                 ENDP
  145 00000016         SVC_Handler
                               PROC
  146 00000016                 EXPORT           SVC_Handler               [WEAK
]
  147 00000016 E7FE            B                .
  148 00000018                 ENDP
  149 00000018         PendSV_Handler
                               PROC
  150 00000018                 EXPORT           PendSV_Handler            [WEAK
]
  151 00000018 E7FE            B                .
  152 0000001A                 ENDP
  153 0000001A         SysTick_Handler
                               PROC
  154 0000001A                 EXPORT           SysTick_Handler           [WEAK
]
  155 0000001A E7FE            B                .
  156 0000001C                 ENDP
  157 0000001C         
  158 0000001C         Default_Handler
                               PROC
  159 0000001C         
  160 0000001C                 EXPORT           POWER_CLOCK_IRQHandler [WEAK]
  161 0000001C                 EXPORT           RADIO_IRQHandler [WEAK]
  162 0000001C                 EXPORT           UART0_IRQHandler [WEAK]
  163 0000001C                 EXPORT           SPI0_TWI0_IRQHandler [WEAK]
  164 0000001C                 EXPORT           SPI1_TWI1_IRQHandler [WEAK]
  165 0000001C                 EXPORT           GPIOTE_IRQHandler [WEAK]
  166 0000001C                 EXPORT           ADC_IRQHandler [WEAK]
  167 0000001C                 EXPORT           TIMER0_IRQHandler [WEAK]
  168 0000001C                 EXPORT           TIMER1_IRQHandler [WEAK]
  169 0000001C                 EXPORT           TIMER2_IRQHandler [WEAK]
  170 0000001C                 EXPORT           RTC0_IRQHandler [WEAK]
  171 0000001C                 EXPORT           TEMP_IRQHandler [WEAK]
  172 0000001C                 EXPORT           RNG_IRQHandler [WEAK]
  173 0000001C                 EXPORT           ECB_IRQHandler [WEAK]
  174 0000001C                 EXPORT           CCM_AAR_IRQHandler [WEAK]
  175 0000001C                 EXPORT           WDT_IRQHandler [WEAK]
  176 0000001C                 EXPORT           RTC1_IRQHandler [WEAK]



ARM Macro Assembler    Page 5 


  177 0000001C                 EXPORT           QDEC_IRQHandler [WEAK]
  178 0000001C                 EXPORT           LPCOMP_IRQHandler [WEAK]
  179 0000001C                 EXPORT           SWI0_IRQHandler [WEAK]
  180 0000001C                 EXPORT           SWI1_IRQHandler [WEAK]
  181 0000001C                 EXPORT           SWI2_IRQHandler [WEAK]
  182 0000001C                 EXPORT           SWI3_IRQHandler [WEAK]
  183 0000001C                 EXPORT           SWI4_IRQHandler [WEAK]
  184 0000001C                 EXPORT           SWI5_IRQHandler [WEAK]
  185 0000001C         POWER_CLOCK_IRQHandler
  186 0000001C         RADIO_IRQHandler
  187 0000001C         UART0_IRQHandler
  188 0000001C         SPI0_TWI0_IRQHandler
  189 0000001C         SPI1_TWI1_IRQHandler
  190 0000001C         GPIOTE_IRQHandler
  191 0000001C         ADC_IRQHandler
  192 0000001C         TIMER0_IRQHandler
  193 0000001C         TIMER1_IRQHandler
  194 0000001C         TIMER2_IRQHandler
  195 0000001C         RTC0_IRQHandler
  196 0000001C         TEMP_IRQHandler
  197 0000001C         RNG_IRQHandler
  198 0000001C         ECB_IRQHandler
  199 0000001C         CCM_AAR_IRQHandler
  200 0000001C         WDT_IRQHandler
  201 0000001C         RTC1_IRQHandler
  202 0000001C         QDEC_IRQHandler
  203 0000001C         LPCOMP_IRQHandler
  204 0000001C         SWI0_IRQHandler
  205 0000001C         SWI1_IRQHandler
  206 0000001C         SWI2_IRQHandler
  207 0000001C         SWI3_IRQHandler
  208 0000001C         SWI4_IRQHandler
  209 0000001C         SWI5_IRQHandler
  210 0000001C         
  211 0000001C E7FE            B                .
  212 0000001E                 ENDP
  213 0000001E 00 00           ALIGN
  214 00000020         
  215 00000020         ; User Initial Stack & Heap
  216 00000020         
  217 00000020                 IF               :DEF:__MICROLIB
  224 00000020         
  225 00000020                 IMPORT           __use_two_region_memory
  226 00000020                 EXPORT           __user_initial_stackheap
  227 00000020         __user_initial_stackheap
  228 00000020         
  229 00000020 4805            LDR              R0, = Heap_Mem
  230 00000022 4906            LDR              R1, = (Stack_Mem + Stack_Size)
  231 00000024 4A06            LDR              R2, = (Heap_Mem + Heap_Size)
  232 00000026 4B07            LDR              R3, = Stack_Mem
  233 00000028 4770            BX               LR
  234 0000002A         
  235 0000002A 00 00           ALIGN
  236 0000002C         
  237 0000002C                 ENDIF
  238 0000002C         
  239 0000002C                 END
              40000524 
              00000000 



ARM Macro Assembler    Page 6 


              00000000 
              00000000 
              00000800 
              00000800 
              00000000 
Command Line: --debug --xref --cpu=Cortex-M0 --apcs=interwork --depend=.\_build
\arm_startup_nrf51.d -o.\_build\arm_startup_nrf51.o -IC:\Keil\ARM\RV31\INC -IC:
\Keil\ARM\CMSIS\Include -IC:\Keil\ARM\Device\Nordic\nRF51822\Include --list=.\_
build\arm_startup_nrf51.lst ..\..\..\..\..\..\Source\templates\arm\arm_startup_
nrf51.s



ARM Macro Assembler    Page 1 Alphabetic symbol ordering
Relocatable symbols

STACK 00000000

Symbol: STACK
   Definitions
      At line 35 in file ..\..\..\..\..\..\Source\templates\arm\arm_startup_nrf
51.s
   Uses
      None
Comment: STACK unused
Stack_Mem 00000000

Symbol: Stack_Mem
   Definitions
      At line 36 in file ..\..\..\..\..\..\Source\templates\arm\arm_startup_nrf
51.s
   Uses
      At line 230 in file ..\..\..\..\..\..\Source\templates\arm\arm_startup_nr
f51.s
      At line 232 in file ..\..\..\..\..\..\Source\templates\arm\arm_startup_nr
f51.s

__initial_sp 00000800

Symbol: __initial_sp
   Definitions
      At line 37 in file ..\..\..\..\..\..\Source\templates\arm\arm_startup_nrf
51.s
   Uses
      At line 56 in file ..\..\..\..\..\..\Source\templates\arm\arm_startup_nrf
51.s
Comment: __initial_sp used once
3 symbols



ARM Macro Assembler    Page 1 Alphabetic symbol ordering
Relocatable symbols

HEAP 00000000

Symbol: HEAP
   Definitions
      At line 41 in file ..\..\..\..\..\..\Source\templates\arm\arm_startup_nrf
51.s
   Uses
      None
Comment: HEAP unused
Heap_Mem 00000000

Symbol: Heap_Mem
   Definitions
      At line 43 in file ..\..\..\..\..\..\Source\templates\arm\arm_startup_nrf
51.s
   Uses
      At line 229 in file ..\..\..\..\..\..\Source\templates\arm\arm_startup_nr
f51.s
      At line 231 in file ..\..\..\..\..\..\Source\templates\arm\arm_startup_nr
f51.s

__heap_base 00000000

Symbol: __heap_base
   Definitions
      At line 42 in file ..\..\..\..\..\..\Source\templates\arm\arm_startup_nrf
51.s
   Uses
      None
Comment: __heap_base unused
__heap_limit 00000800

Symbol: __heap_limit
   Definitions
      At line 44 in file ..\..\..\..\..\..\Source\templates\arm\arm_startup_nrf
51.s
   Uses
      None
Comment: __heap_limit unused
4 symbols



ARM Macro Assembler    Page 1 Alphabetic symbol ordering
Relocatable symbols

RESET 00000000

Symbol: RESET
   Definitions
      At line 51 in file ..\..\..\..\..\..\Source\templates\arm\arm_startup_nrf
51.s
   Uses
      None
Comment: RESET unused
__Vectors 00000000

Symbol: __Vectors
   Definitions
      At line 56 in file ..\..\..\..\..\..\Source\templates\arm\arm_startup_nrf
51.s
   Uses
      At line 52 in file ..\..\..\..\..\..\Source\templates\arm\arm_startup_nrf
51.s
      At line 110 in file ..\..\..\..\..\..\Source\templates\arm\arm_startup_nr
f51.s

__Vectors_End 000000C0

Symbol: __Vectors_End
   Definitions
      At line 108 in file ..\..\..\..\..\..\Source\templates\arm\arm_startup_nr
f51.s
   Uses
      At line 53 in file ..\..\..\..\..\..\Source\templates\arm\arm_startup_nrf
51.s
      At line 110 in file ..\..\..\..\..\..\Source\templates\arm\arm_startup_nr
f51.s

3 symbols



ARM Macro Assembler    Page 1 Alphabetic symbol ordering
Relocatable symbols

.text 00000000

Symbol: .text
   Definitions
      At line 112 in file ..\..\..\..\..\..\Source\templates\arm\arm_startup_nr
f51.s
   Uses
      None
Comment: .text unused
ADC_IRQHandler 0000001C

Symbol: ADC_IRQHandler
   Definitions
      At line 191 in file ..\..\..\..\..\..\Source\templates\arm\arm_startup_nr
f51.s
   Uses
      At line 81 in file ..\..\..\..\..\..\Source\templates\arm\arm_startup_nrf
51.s
      At line 166 in file ..\..\..\..\..\..\Source\templates\arm\arm_startup_nr
f51.s

CCM_AAR_IRQHandler 0000001C

Symbol: CCM_AAR_IRQHandler
   Definitions
      At line 199 in file ..\..\..\..\..\..\Source\templates\arm\arm_startup_nr
f51.s
   Uses
      At line 89 in file ..\..\..\..\..\..\Source\templates\arm\arm_startup_nrf
51.s
      At line 174 in file ..\..\..\..\..\..\Source\templates\arm\arm_startup_nr
f51.s

Default_Handler 0000001C

Symbol: Default_Handler
   Definitions
      At line 158 in file ..\..\..\..\..\..\Source\templates\arm\arm_startup_nr
f51.s
   Uses
      None
Comment: Default_Handler unused
ECB_IRQHandler 0000001C

Symbol: ECB_IRQHandler
   Definitions
      At line 198 in file ..\..\..\..\..\..\Source\templates\arm\arm_startup_nr
f51.s
   Uses
      At line 88 in file ..\..\..\..\..\..\Source\templates\arm\arm_startup_nrf
51.s
      At line 173 in file ..\..\..\..\..\..\Source\templates\arm\arm_startup_nr
f51.s

GPIOTE_IRQHandler 0000001C

Symbol: GPIOTE_IRQHandler
   Definitions
      At line 190 in file ..\..\..\..\..\..\Source\templates\arm\arm_startup_nr



ARM Macro Assembler    Page 2 Alphabetic symbol ordering
Relocatable symbols

f51.s
   Uses
      At line 80 in file ..\..\..\..\..\..\Source\templates\arm\arm_startup_nrf
51.s
      At line 165 in file ..\..\..\..\..\..\Source\templates\arm\arm_startup_nr
f51.s

HardFault_Handler 00000014

Symbol: HardFault_Handler
   Definitions
      At line 141 in file ..\..\..\..\..\..\Source\templates\arm\arm_startup_nr
f51.s
   Uses
      At line 59 in file ..\..\..\..\..\..\Source\templates\arm\arm_startup_nrf
51.s
      At line 142 in file ..\..\..\..\..\..\Source\templates\arm\arm_startup_nr
f51.s

LPCOMP_IRQHandler 0000001C

Symbol: LPCOMP_IRQHandler
   Definitions
      At line 203 in file ..\..\..\..\..\..\Source\templates\arm\arm_startup_nr
f51.s
   Uses
      At line 93 in file ..\..\..\..\..\..\Source\templates\arm\arm_startup_nrf
51.s
      At line 178 in file ..\..\..\..\..\..\Source\templates\arm\arm_startup_nr
f51.s

NMI_Handler 00000012

Symbol: NMI_Handler
   Definitions
      At line 136 in file ..\..\..\..\..\..\Source\templates\arm\arm_startup_nr
f51.s
   Uses
      At line 58 in file ..\..\..\..\..\..\Source\templates\arm\arm_startup_nrf
51.s
      At line 137 in file ..\..\..\..\..\..\Source\templates\arm\arm_startup_nr
f51.s

POWER_CLOCK_IRQHandler 0000001C

Symbol: POWER_CLOCK_IRQHandler
   Definitions
      At line 185 in file ..\..\..\..\..\..\Source\templates\arm\arm_startup_nr
f51.s
   Uses
      At line 74 in file ..\..\..\..\..\..\Source\templates\arm\arm_startup_nrf
51.s
      At line 160 in file ..\..\..\..\..\..\Source\templates\arm\arm_startup_nr
f51.s

PendSV_Handler 00000018

Symbol: PendSV_Handler
   Definitions



ARM Macro Assembler    Page 3 Alphabetic symbol ordering
Relocatable symbols

      At line 149 in file ..\..\..\..\..\..\Source\templates\arm\arm_startup_nr
f51.s
   Uses
      At line 70 in file ..\..\..\..\..\..\Source\templates\arm\arm_startup_nrf
51.s
      At line 150 in file ..\..\..\..\..\..\Source\templates\arm\arm_startup_nr
f51.s

QDEC_IRQHandler 0000001C

Symbol: QDEC_IRQHandler
   Definitions
      At line 202 in file ..\..\..\..\..\..\Source\templates\arm\arm_startup_nr
f51.s
   Uses
      At line 92 in file ..\..\..\..\..\..\Source\templates\arm\arm_startup_nrf
51.s
      At line 177 in file ..\..\..\..\..\..\Source\templates\arm\arm_startup_nr
f51.s

RADIO_IRQHandler 0000001C

Symbol: RADIO_IRQHandler
   Definitions
      At line 186 in file ..\..\..\..\..\..\Source\templates\arm\arm_startup_nr
f51.s
   Uses
      At line 75 in file ..\..\..\..\..\..\Source\templates\arm\arm_startup_nrf
51.s
      At line 161 in file ..\..\..\..\..\..\Source\templates\arm\arm_startup_nr
f51.s

RNG_IRQHandler 0000001C

Symbol: RNG_IRQHandler
   Definitions
      At line 197 in file ..\..\..\..\..\..\Source\templates\arm\arm_startup_nr
f51.s
   Uses
      At line 87 in file ..\..\..\..\..\..\Source\templates\arm\arm_startup_nrf
51.s
      At line 172 in file ..\..\..\..\..\..\Source\templates\arm\arm_startup_nr
f51.s

RTC0_IRQHandler 0000001C

Symbol: RTC0_IRQHandler
   Definitions
      At line 195 in file ..\..\..\..\..\..\Source\templates\arm\arm_startup_nr
f51.s
   Uses
      At line 85 in file ..\..\..\..\..\..\Source\templates\arm\arm_startup_nrf
51.s
      At line 170 in file ..\..\..\..\..\..\Source\templates\arm\arm_startup_nr
f51.s

RTC1_IRQHandler 0000001C

Symbol: RTC1_IRQHandler



ARM Macro Assembler    Page 4 Alphabetic symbol ordering
Relocatable symbols

   Definitions
      At line 201 in file ..\..\..\..\..\..\Source\templates\arm\arm_startup_nr
f51.s
   Uses
      At line 91 in file ..\..\..\..\..\..\Source\templates\arm\arm_startup_nrf
51.s
      At line 176 in file ..\..\..\..\..\..\Source\templates\arm\arm_startup_nr
f51.s

Reset_Handler 00000000

Symbol: Reset_Handler
   Definitions
      At line 119 in file ..\..\..\..\..\..\Source\templates\arm\arm_startup_nr
f51.s
   Uses
      At line 57 in file ..\..\..\..\..\..\Source\templates\arm\arm_startup_nrf
51.s
      At line 120 in file ..\..\..\..\..\..\Source\templates\arm\arm_startup_nr
f51.s

SPI0_TWI0_IRQHandler 0000001C

Symbol: SPI0_TWI0_IRQHandler
   Definitions
      At line 188 in file ..\..\..\..\..\..\Source\templates\arm\arm_startup_nr
f51.s
   Uses
      At line 77 in file ..\..\..\..\..\..\Source\templates\arm\arm_startup_nrf
51.s
      At line 163 in file ..\..\..\..\..\..\Source\templates\arm\arm_startup_nr
f51.s

SPI1_TWI1_IRQHandler 0000001C

Symbol: SPI1_TWI1_IRQHandler
   Definitions
      At line 189 in file ..\..\..\..\..\..\Source\templates\arm\arm_startup_nr
f51.s
   Uses
      At line 78 in file ..\..\..\..\..\..\Source\templates\arm\arm_startup_nrf
51.s
      At line 164 in file ..\..\..\..\..\..\Source\templates\arm\arm_startup_nr
f51.s

SVC_Handler 00000016

Symbol: SVC_Handler
   Definitions
      At line 145 in file ..\..\..\..\..\..\Source\templates\arm\arm_startup_nr
f51.s
   Uses
      At line 67 in file ..\..\..\..\..\..\Source\templates\arm\arm_startup_nrf
51.s
      At line 146 in file ..\..\..\..\..\..\Source\templates\arm\arm_startup_nr
f51.s

SWI0_IRQHandler 0000001C




ARM Macro Assembler    Page 5 Alphabetic symbol ordering
Relocatable symbols

Symbol: SWI0_IRQHandler
   Definitions
      At line 204 in file ..\..\..\..\..\..\Source\templates\arm\arm_startup_nr
f51.s
   Uses
      At line 94 in file ..\..\..\..\..\..\Source\templates\arm\arm_startup_nrf
51.s
      At line 179 in file ..\..\..\..\..\..\Source\templates\arm\arm_startup_nr
f51.s

SWI1_IRQHandler 0000001C

Symbol: SWI1_IRQHandler
   Definitions
      At line 205 in file ..\..\..\..\..\..\Source\templates\arm\arm_startup_nr
f51.s
   Uses
      At line 95 in file ..\..\..\..\..\..\Source\templates\arm\arm_startup_nrf
51.s
      At line 180 in file ..\..\..\..\..\..\Source\templates\arm\arm_startup_nr
f51.s

SWI2_IRQHandler 0000001C

Symbol: SWI2_IRQHandler
   Definitions
      At line 206 in file ..\..\..\..\..\..\Source\templates\arm\arm_startup_nr
f51.s
   Uses
      At line 96 in file ..\..\..\..\..\..\Source\templates\arm\arm_startup_nrf
51.s
      At line 181 in file ..\..\..\..\..\..\Source\templates\arm\arm_startup_nr
f51.s

SWI3_IRQHandler 0000001C

Symbol: SWI3_IRQHandler
   Definitions
      At line 207 in file ..\..\..\..\..\..\Source\templates\arm\arm_startup_nr
f51.s
   Uses
      At line 97 in file ..\..\..\..\..\..\Source\templates\arm\arm_startup_nrf
51.s
      At line 182 in file ..\..\..\..\..\..\Source\templates\arm\arm_startup_nr
f51.s

SWI4_IRQHandler 0000001C

Symbol: SWI4_IRQHandler
   Definitions
      At line 208 in file ..\..\..\..\..\..\Source\templates\arm\arm_startup_nr
f51.s
   Uses
      At line 98 in file ..\..\..\..\..\..\Source\templates\arm\arm_startup_nrf
51.s
      At line 183 in file ..\..\..\..\..\..\Source\templates\arm\arm_startup_nr
f51.s

SWI5_IRQHandler 0000001C



ARM Macro Assembler    Page 6 Alphabetic symbol ordering
Relocatable symbols


Symbol: SWI5_IRQHandler
   Definitions
      At line 209 in file ..\..\..\..\..\..\Source\templates\arm\arm_startup_nr
f51.s
   Uses
      At line 99 in file ..\..\..\..\..\..\Source\templates\arm\arm_startup_nrf
51.s
      At line 184 in file ..\..\..\..\..\..\Source\templates\arm\arm_startup_nr
f51.s

SysTick_Handler 0000001A

Symbol: SysTick_Handler
   Definitions
      At line 153 in file ..\..\..\..\..\..\Source\templates\arm\arm_startup_nr
f51.s
   Uses
      At line 71 in file ..\..\..\..\..\..\Source\templates\arm\arm_startup_nrf
51.s
      At line 154 in file ..\..\..\..\..\..\Source\templates\arm\arm_startup_nr
f51.s

TEMP_IRQHandler 0000001C

Symbol: TEMP_IRQHandler
   Definitions
      At line 196 in file ..\..\..\..\..\..\Source\templates\arm\arm_startup_nr
f51.s
   Uses
      At line 86 in file ..\..\..\..\..\..\Source\templates\arm\arm_startup_nrf
51.s
      At line 171 in file ..\..\..\..\..\..\Source\templates\arm\arm_startup_nr
f51.s

TIMER0_IRQHandler 0000001C

Symbol: TIMER0_IRQHandler
   Definitions
      At line 192 in file ..\..\..\..\..\..\Source\templates\arm\arm_startup_nr
f51.s
   Uses
      At line 82 in file ..\..\..\..\..\..\Source\templates\arm\arm_startup_nrf
51.s
      At line 167 in file ..\..\..\..\..\..\Source\templates\arm\arm_startup_nr
f51.s

TIMER1_IRQHandler 0000001C

Symbol: TIMER1_IRQHandler
   Definitions
      At line 193 in file ..\..\..\..\..\..\Source\templates\arm\arm_startup_nr
f51.s
   Uses
      At line 83 in file ..\..\..\..\..\..\Source\templates\arm\arm_startup_nrf
51.s
      At line 168 in file ..\..\..\..\..\..\Source\templates\arm\arm_startup_nr
f51.s




ARM Macro Assembler    Page 7 Alphabetic symbol ordering
Relocatable symbols

TIMER2_IRQHandler 0000001C

Symbol: TIMER2_IRQHandler
   Definitions
      At line 194 in file ..\..\..\..\..\..\Source\templates\arm\arm_startup_nr
f51.s
   Uses
      At line 84 in file ..\..\..\..\..\..\Source\templates\arm\arm_startup_nrf
51.s
      At line 169 in file ..\..\..\..\..\..\Source\templates\arm\arm_startup_nr
f51.s

UART0_IRQHandler 0000001C

Symbol: UART0_IRQHandler
   Definitions
      At line 187 in file ..\..\..\..\..\..\Source\templates\arm\arm_startup_nr
f51.s
   Uses
      At line 76 in file ..\..\..\..\..\..\Source\templates\arm\arm_startup_nrf
51.s
      At line 162 in file ..\..\..\..\..\..\Source\templates\arm\arm_startup_nr
f51.s

WDT_IRQHandler 0000001C

Symbol: WDT_IRQHandler
   Definitions
      At line 200 in file ..\..\..\..\..\..\Source\templates\arm\arm_startup_nr
f51.s
   Uses
      At line 90 in file ..\..\..\..\..\..\Source\templates\arm\arm_startup_nrf
51.s
      At line 175 in file ..\..\..\..\..\..\Source\templates\arm\arm_startup_nr
f51.s

__user_initial_stackheap 00000020

Symbol: __user_initial_stackheap
   Definitions
      At line 227 in file ..\..\..\..\..\..\Source\templates\arm\arm_startup_nr
f51.s
   Uses
      At line 226 in file ..\..\..\..\..\..\Source\templates\arm\arm_startup_nr
f51.s
Comment: __user_initial_stackheap used once
34 symbols



ARM Macro Assembler    Page 1 Alphabetic symbol ordering
Absolute symbols

Heap_Size 00000800

Symbol: Heap_Size
   Definitions
      At line 39 in file ..\..\..\..\..\..\Source\templates\arm\arm_startup_nrf
51.s
   Uses
      At line 43 in file ..\..\..\..\..\..\Source\templates\arm\arm_startup_nrf
51.s
      At line 231 in file ..\..\..\..\..\..\Source\templates\arm\arm_startup_nr
f51.s

NRF_POWER_RAMON_ADDRESS 40000524

Symbol: NRF_POWER_RAMON_ADDRESS
   Definitions
      At line 116 in file ..\..\..\..\..\..\Source\templates\arm\arm_startup_nr
f51.s
   Uses
      At line 123 in file ..\..\..\..\..\..\Source\templates\arm\arm_startup_nr
f51.s
Comment: NRF_POWER_RAMON_ADDRESS used once
NRF_POWER_RAMON_RAMxON_ONMODE_Msk 00000003

Symbol: NRF_POWER_RAMON_RAMxON_ONMODE_Msk
   Definitions
      At line 117 in file ..\..\..\..\..\..\Source\templates\arm\arm_startup_nr
f51.s
   Uses
      At line 125 in file ..\..\..\..\..\..\Source\templates\arm\arm_startup_nr
f51.s
Comment: NRF_POWER_RAMON_RAMxON_ONMODE_Msk used once
Stack_Size 00000800

Symbol: Stack_Size
   Definitions
      At line 34 in file ..\..\..\..\..\..\Source\templates\arm\arm_startup_nrf
51.s
   Uses
      At line 36 in file ..\..\..\..\..\..\Source\templates\arm\arm_startup_nrf
51.s
      At line 230 in file ..\..\..\..\..\..\Source\templates\arm\arm_startup_nr
f51.s

__Vectors_Size 000000C0

Symbol: __Vectors_Size
   Definitions
      At line 110 in file ..\..\..\..\..\..\Source\templates\arm\arm_startup_nr
f51.s
   Uses
      At line 54 in file ..\..\..\..\..\..\Source\templates\arm\arm_startup_nrf
51.s
Comment: __Vectors_Size used once
5 symbols



ARM Macro Assembler    Page 1 Alphabetic symbol ordering
External symbols

SystemInit 00000000

Symbol: SystemInit
   Definitions
      At line 121 in file ..\..\..\..\..\..\Source\templates\arm\arm_startup_nr
f51.s
   Uses
      At line 128 in file ..\..\..\..\..\..\Source\templates\arm\arm_startup_nr
f51.s
Comment: SystemInit used once
__main 00000000

Symbol: __main
   Definitions
      At line 122 in file ..\..\..\..\..\..\Source\templates\arm\arm_startup_nr
f51.s
   Uses
      At line 130 in file ..\..\..\..\..\..\Source\templates\arm\arm_startup_nr
f51.s
Comment: __main used once
__use_two_region_memory 00000000

Symbol: __use_two_region_memory
   Definitions
      At line 225 in file ..\..\..\..\..\..\Source\templates\arm\arm_startup_nr
f51.s
   Uses
      None
Comment: __use_two_region_memory unused
3 symbols
386 symbols in table
